CRITICAL - 2023-05-19 04:19:23 --> Undefined variable $github
in APPPATH\Views\Beranda.php on line 54.
 1 APPPATH\Views\Beranda.php(54): CodeIgniter\Debug\Exceptions->errorHandler(2, 'Undefined variable $github', 'E:\\Useful Programs\\xampp\\project-root\\app\\Views\\Beranda.php', 54)
 2 SYSTEMPATH\View\View.php(213): include('E:\\Useful Programs\\xampp\\project-root\\app\\Views\\Beranda.php')
 3 SYSTEMPATH\View\View.php(216): CodeIgniter\View\View->CodeIgniter\View\{closure}()
 4 SYSTEMPATH\Common.php(1184): CodeIgniter\View\View->render('Beranda', [], true)
 5 APPPATH\Controllers\Home.php(11): view('Beranda', [...])
 6 SYSTEMPATH\CodeIgniter.php(934): App\Controllers\Home->index()
 7 SYSTEMPATH\CodeIgniter.php(499): CodeIgniter\CodeIgniter->runController(Object(App\Controllers\Home))
 8 SYSTEMPATH\CodeIgniter.php(368): CodeIgniter\CodeIgniter->handleRequest(null, Object(Config\Cache), false)
 9 FCPATH\index.php(67): CodeIgniter\CodeIgniter->run()
10 SYSTEMPATH\Commands\Server\rewrite.php(47): require_once('E:\\Useful Programs\\xampp\\project-root\\public\\index.php')
CRITICAL - 2023-05-19 04:19:24 --> Undefined variable $github
in APPPATH\Views\Beranda.php on line 54.
 1 APPPATH\Views\Beranda.php(54): CodeIgniter\Debug\Exceptions->errorHandler(2, 'Undefined variable $github', 'E:\\Useful Programs\\xampp\\project-root\\app\\Views\\Beranda.php', 54)
 2 SYSTEMPATH\View\View.php(213): include('E:\\Useful Programs\\xampp\\project-root\\app\\Views\\Beranda.php')
 3 SYSTEMPATH\View\View.php(216): CodeIgniter\View\View->CodeIgniter\View\{closure}()
 4 SYSTEMPATH\Common.php(1184): CodeIgniter\View\View->render('Beranda', [], true)
 5 APPPATH\Controllers\Home.php(11): view('Beranda', [...])
 6 SYSTEMPATH\CodeIgniter.php(934): App\Controllers\Home->index()
 7 SYSTEMPATH\CodeIgniter.php(499): CodeIgniter\CodeIgniter->runController(Object(App\Controllers\Home))
 8 SYSTEMPATH\CodeIgniter.php(368): CodeIgniter\CodeIgniter->handleRequest(null, Object(Config\Cache), false)
 9 FCPATH\index.php(67): CodeIgniter\CodeIgniter->run()
10 SYSTEMPATH\Commands\Server\rewrite.php(47): require_once('E:\\Useful Programs\\xampp\\project-root\\public\\index.php')
CRITICAL - 2023-05-19 04:20:03 --> Undefined variable $github
in APPPATH\Views\Beranda.php on line 54.
 1 APPPATH\Views\Beranda.php(54): CodeIgniter\Debug\Exceptions->errorHandler(2, 'Undefined variable $github', 'E:\\Useful Programs\\xampp\\project-root\\app\\Views\\Beranda.php', 54)
 2 SYSTEMPATH\View\View.php(213): include('E:\\Useful Programs\\xampp\\project-root\\app\\Views\\Beranda.php')
 3 SYSTEMPATH\View\View.php(216): CodeIgniter\View\View->CodeIgniter\View\{closure}()
 4 SYSTEMPATH\Common.php(1184): CodeIgniter\View\View->render('Beranda', [], true)
 5 APPPATH\Controllers\Home.php(11): view('Beranda', [...])
 6 SYSTEMPATH\CodeIgniter.php(934): App\Controllers\Home->index()
 7 SYSTEMPATH\CodeIgniter.php(499): CodeIgniter\CodeIgniter->runController(Object(App\Controllers\Home))
 8 SYSTEMPATH\CodeIgniter.php(368): CodeIgniter\CodeIgniter->handleRequest(null, Object(Config\Cache), false)
 9 FCPATH\index.php(67): CodeIgniter\CodeIgniter->run()
10 SYSTEMPATH\Commands\Server\rewrite.php(47): require_once('E:\\Useful Programs\\xampp\\project-root\\public\\index.php')
CRITICAL - 2023-05-19 04:21:10 --> Undefined variable $github
in APPPATH\Views\Beranda.php on line 54.
 1 APPPATH\Views\Beranda.php(54): CodeIgniter\Debug\Exceptions->errorHandler(2, 'Undefined variable $github', 'E:\\Useful Programs\\xampp\\project-root\\app\\Views\\Beranda.php', 54)
 2 SYSTEMPATH\View\View.php(213): include('E:\\Useful Programs\\xampp\\project-root\\app\\Views\\Beranda.php')
 3 SYSTEMPATH\View\View.php(216): CodeIgniter\View\View->CodeIgniter\View\{closure}()
 4 SYSTEMPATH\Common.php(1184): CodeIgniter\View\View->render('Beranda', [], true)
 5 APPPATH\Controllers\Home.php(11): view('Beranda', [...])
 6 SYSTEMPATH\CodeIgniter.php(934): App\Controllers\Home->index()
 7 SYSTEMPATH\CodeIgniter.php(499): CodeIgniter\CodeIgniter->runController(Object(App\Controllers\Home))
 8 SYSTEMPATH\CodeIgniter.php(368): CodeIgniter\CodeIgniter->handleRequest(null, Object(Config\Cache), false)
 9 FCPATH\index.php(67): CodeIgniter\CodeIgniter->run()
10 SYSTEMPATH\Commands\Server\rewrite.php(47): require_once('E:\\Useful Programs\\xampp\\project-root\\public\\index.php')
CRITICAL - 2023-05-19 06:07:59 --> Undefined variable $nama
in APPPATH\Views\Profile.php on line 51.
 1 APPPATH\Views\Profile.php(51): CodeIgniter\Debug\Exceptions->errorHandler(2, 'Undefined variable $nama', 'E:\\Useful Programs\\xampp\\project-root\\app\\Views\\Profile.php', 51)
 2 SYSTEMPATH\View\View.php(213): include('E:\\Useful Programs\\xampp\\project-root\\app\\Views\\Profile.php')
 3 SYSTEMPATH\View\View.php(216): CodeIgniter\View\View->CodeIgniter\View\{closure}()
 4 SYSTEMPATH\Common.php(1184): CodeIgniter\View\View->render('Profile', [], true)
 5 APPPATH\Controllers\Beranda.php(21): view('Profile')
 6 SYSTEMPATH\CodeIgniter.php(934): App\Controllers\Beranda->Profile()
 7 SYSTEMPATH\CodeIgniter.php(499): CodeIgniter\CodeIgniter->runController(Object(App\Controllers\Beranda))
 8 SYSTEMPATH\CodeIgniter.php(368): CodeIgniter\CodeIgniter->handleRequest(null, Object(Config\Cache), false)
 9 FCPATH\index.php(67): CodeIgniter\CodeIgniter->run()
10 SYSTEMPATH\Commands\Server\rewrite.php(47): require_once('E:\\Useful Programs\\xampp\\project-root\\public\\index.php')
CRITICAL - 2023-05-19 14:41:40 --> Undefined variable $gambar
in APPPATH\Views\Profile.php on line 101.
 1 APPPATH\Views\Profile.php(101): CodeIgniter\Debug\Exceptions->errorHandler(2, 'Undefined variable $gambar', 'E:\\Useful Programs\\xampp\\project-root\\app\\Views\\Profile.php', 101)
 2 SYSTEMPATH\View\View.php(213): include('E:\\Useful Programs\\xampp\\project-root\\app\\Views\\Profile.php')
 3 SYSTEMPATH\View\View.php(216): CodeIgniter\View\View->CodeIgniter\View\{closure}()
 4 SYSTEMPATH\Common.php(1184): CodeIgniter\View\View->render('Profile', [], true)
 5 APPPATH\Controllers\Beranda.php(21): view('Profile', [...])
 6 SYSTEMPATH\CodeIgniter.php(934): App\Controllers\Beranda->Profile()
 7 SYSTEMPATH\CodeIgniter.php(499): CodeIgniter\CodeIgniter->runController(Object(App\Controllers\Beranda))
 8 SYSTEMPATH\CodeIgniter.php(368): CodeIgniter\CodeIgniter->handleRequest(null, Object(Config\Cache), false)
 9 FCPATH\index.php(67): CodeIgniter\CodeIgniter->run()
10 SYSTEMPATH\Commands\Server\rewrite.php(47): require_once('E:\\Useful Programs\\xampp\\project-root\\public\\index.php')
CRITICAL - 2023-05-19 14:41:41 --> Undefined variable $gambar
in APPPATH\Views\Profile.php on line 101.
 1 APPPATH\Views\Profile.php(101): CodeIgniter\Debug\Exceptions->errorHandler(2, 'Undefined variable $gambar', 'E:\\Useful Programs\\xampp\\project-root\\app\\Views\\Profile.php', 101)
 2 SYSTEMPATH\View\View.php(213): include('E:\\Useful Programs\\xampp\\project-root\\app\\Views\\Profile.php')
 3 SYSTEMPATH\View\View.php(216): CodeIgniter\View\View->CodeIgniter\View\{closure}()
 4 SYSTEMPATH\Common.php(1184): CodeIgniter\View\View->render('Profile', [], true)
 5 APPPATH\Controllers\Beranda.php(21): view('Profile', [...])
 6 SYSTEMPATH\CodeIgniter.php(934): App\Controllers\Beranda->Profile()
 7 SYSTEMPATH\CodeIgniter.php(499): CodeIgniter\CodeIgniter->runController(Object(App\Controllers\Beranda))
 8 SYSTEMPATH\CodeIgniter.php(368): CodeIgniter\CodeIgniter->handleRequest(null, Object(Config\Cache), false)
 9 FCPATH\index.php(67): CodeIgniter\CodeIgniter->run()
10 SYSTEMPATH\Commands\Server\rewrite.php(47): require_once('E:\\Useful Programs\\xampp\\project-root\\public\\index.php')
CRITICAL - 2023-05-19 14:41:48 --> Undefined variable $gambar
in APPPATH\Views\Profile.php on line 101.
 1 APPPATH\Views\Profile.php(101): CodeIgniter\Debug\Exceptions->errorHandler(2, 'Undefined variable $gambar', 'E:\\Useful Programs\\xampp\\project-root\\app\\Views\\Profile.php', 101)
 2 SYSTEMPATH\View\View.php(213): include('E:\\Useful Programs\\xampp\\project-root\\app\\Views\\Profile.php')
 3 SYSTEMPATH\View\View.php(216): CodeIgniter\View\View->CodeIgniter\View\{closure}()
 4 SYSTEMPATH\Common.php(1184): CodeIgniter\View\View->render('Profile', [], true)
 5 APPPATH\Controllers\Beranda.php(21): view('Profile', [...])
 6 SYSTEMPATH\CodeIgniter.php(934): App\Controllers\Beranda->Profile()
 7 SYSTEMPATH\CodeIgniter.php(499): CodeIgniter\CodeIgniter->runController(Object(App\Controllers\Beranda))
 8 SYSTEMPATH\CodeIgniter.php(368): CodeIgniter\CodeIgniter->handleRequest(null, Object(Config\Cache), false)
 9 FCPATH\index.php(67): CodeIgniter\CodeIgniter->run()
10 SYSTEMPATH\Commands\Server\rewrite.php(47): require_once('E:\\Useful Programs\\xampp\\project-root\\public\\index.php')
CRITICAL - 2023-05-19 14:42:34 --> Undefined variable $gambar
in APPPATH\Views\Profile.php on line 101.
 1 APPPATH\Views\Profile.php(101): CodeIgniter\Debug\Exceptions->errorHandler(2, 'Undefined variable $gambar', 'E:\\Useful Programs\\xampp\\project-root\\app\\Views\\Profile.php', 101)
 2 SYSTEMPATH\View\View.php(213): include('E:\\Useful Programs\\xampp\\project-root\\app\\Views\\Profile.php')
 3 SYSTEMPATH\View\View.php(216): CodeIgniter\View\View->CodeIgniter\View\{closure}()
 4 SYSTEMPATH\Common.php(1184): CodeIgniter\View\View->render('Profile', [], true)
 5 APPPATH\Controllers\Beranda.php(21): view('Profile', [...])
 6 SYSTEMPATH\CodeIgniter.php(934): App\Controllers\Beranda->Profile()
 7 SYSTEMPATH\CodeIgniter.php(499): CodeIgniter\CodeIgniter->runController(Object(App\Controllers\Beranda))
 8 SYSTEMPATH\CodeIgniter.php(368): CodeIgniter\CodeIgniter->handleRequest(null, Object(Config\Cache), false)
 9 FCPATH\index.php(67): CodeIgniter\CodeIgniter->run()
10 SYSTEMPATH\Commands\Server\rewrite.php(47): require_once('E:\\Useful Programs\\xampp\\project-root\\public\\index.php')
CRITICAL - 2023-05-19 14:44:06 --> Undefined variable $gambar
in APPPATH\Views\Profile.php on line 101.
 1 APPPATH\Views\Profile.php(101): CodeIgniter\Debug\Exceptions->errorHandler(2, 'Undefined variable $gambar', 'E:\\Useful Programs\\xampp\\project-root\\app\\Views\\Profile.php', 101)
 2 SYSTEMPATH\View\View.php(213): include('E:\\Useful Programs\\xampp\\project-root\\app\\Views\\Profile.php')
 3 SYSTEMPATH\View\View.php(216): CodeIgniter\View\View->CodeIgniter\View\{closure}()
 4 SYSTEMPATH\Common.php(1184): CodeIgniter\View\View->render('Profile', [], true)
 5 APPPATH\Controllers\Beranda.php(21): view('Profile', [...])
 6 SYSTEMPATH\CodeIgniter.php(934): App\Controllers\Beranda->Profile()
 7 SYSTEMPATH\CodeIgniter.php(499): CodeIgniter\CodeIgniter->runController(Object(App\Controllers\Beranda))
 8 SYSTEMPATH\CodeIgniter.php(368): CodeIgniter\CodeIgniter->handleRequest(null, Object(Config\Cache), false)
 9 FCPATH\index.php(67): CodeIgniter\CodeIgniter->run()
10 SYSTEMPATH\Commands\Server\rewrite.php(47): require_once('E:\\Useful Programs\\xampp\\project-root\\public\\index.php')
CRITICAL - 2023-05-19 15:46:02 --> Undefined variable $gambarProfile
in APPPATH\Views\Beranda.php on line 96.
 1 APPPATH\Views\Beranda.php(96): CodeIgniter\Debug\Exceptions->errorHandler(2, 'Undefined variable $gambarProfile', 'E:\\Useful Programs\\xampp\\project-root\\app\\Views\\Beranda.php', 96)
 2 SYSTEMPATH\View\View.php(213): include('E:\\Useful Programs\\xampp\\project-root\\app\\Views\\Beranda.php')
 3 SYSTEMPATH\View\View.php(216): CodeIgniter\View\View->CodeIgniter\View\{closure}()
 4 SYSTEMPATH\Common.php(1184): CodeIgniter\View\View->render('Beranda', [], true)
 5 APPPATH\Controllers\Beranda.php(11): view('Beranda', [...])
 6 SYSTEMPATH\CodeIgniter.php(934): App\Controllers\Beranda->index()
 7 SYSTEMPATH\CodeIgniter.php(499): CodeIgniter\CodeIgniter->runController(Object(App\Controllers\Beranda))
 8 SYSTEMPATH\CodeIgniter.php(368): CodeIgniter\CodeIgniter->handleRequest(null, Object(Config\Cache), false)
 9 FCPATH\index.php(67): CodeIgniter\CodeIgniter->run()
10 SYSTEMPATH\Commands\Server\rewrite.php(47): require_once('E:\\Useful Programs\\xampp\\project-root\\public\\index.php')
